(node:818095) ExperimentalWarning: `--experimental-loader` may be removed in the future; instead use `register()`:
--import 'data:text/javascript,import { register } from "node:module"; import { pathToFileURL } from "node:url"; register("/home/andrey/src/cicsc/tests/harness/ts-extension-loader.mjs", pathToFileURL("./"));'
(Use `node --trace-warnings ...` to show where the warning was created)
(node:818095) [MODULE_TYPELESS_PACKAGE_JSON] Warning: Module type of file:///home/andrey/src/cicsc/tests/core/phase9-sql-feature-gates-negative.test.ts is not specified and it doesn't parse as CommonJS.
Reparsing as ES module because module syntax was detected. This incurs a performance overhead.
To eliminate this warning, add "type": "module" to /home/andrey/package.json.
(Use `node --trace-warnings ...` to show where the warning was created)
▶ phase9 sql feature gates
  ✔ accepts HAVING op when phase9.sql.having is enabled (1.550867ms)
  ✔ rejects EXISTS expr via explicit feature gate diagnostic (0.256394ms)
  ✔ sqlite lowerer rejects gated EXISTS even if bypassing validator (0.704523ms)
✔ phase9 sql feature gates (3.24296ms)
(node:818096) ExperimentalWarning: `--experimental-loader` may be removed in the future; instead use `register()`:
--import 'data:text/javascript,import { register } from "node:module"; import { pathToFileURL } from "node:url"; register("/home/andrey/src/cicsc/tests/harness/ts-extension-loader.mjs", pathToFileURL("./"));'
(Use `node --trace-warnings ...` to show where the warning was created)
(node:818096) [MODULE_TYPELESS_PACKAGE_JSON] Warning: Module type of file:///home/andrey/src/cicsc/tests/core/phase9-sql-unsupported-negative.test.ts is not specified and it doesn't parse as CommonJS.
Reparsing as ES module because module syntax was detected. This incurs a performance overhead.
To eliminate this warning, add "type": "module" to /home/andrey/package.json.
(Use `node --trace-warnings ...` to show where the warning was created)
▶ phase9 unsupported SQL negative coverage
  ✔ rejects HAVING when no preceding group_by exists (1.682803ms)
  ✔ rejects unknown query operators with explicit diagnostics (0.184392ms)
✔ phase9 unsupported SQL negative coverage (2.635429ms)
ℹ tests 5
ℹ suites 2
ℹ pass 5
ℹ fail 0
ℹ cancelled 0
ℹ skipped 0
ℹ todo 0
ℹ duration_ms 148.419801
