conformance matrix check passed (9 suites).
(node:712060) ExperimentalWarning: `--experimental-loader` may be removed in the future; instead use `register()`:
--import 'data:text/javascript,import { register } from "node:module"; import { pathToFileURL } from "node:url"; register("/home/andrey/src/cicsc/tests/harness/ts-extension-loader.mjs", pathToFileURL("./"));'
(Use `node --trace-warnings ...` to show where the warning was created)
(node:712060) [MODULE_TYPELESS_PACKAGE_JSON] Warning: Module type of file:///home/andrey/src/cicsc/tests/conformance/postgres-exec-matrix.test.ts is not specified and it doesn't parse as CommonJS.
Reparsing as ES module because module syntax was detected. This incurs a performance overhead.
To eliminate this warning, add "type": "module" to /home/andrey/package.json.
(Use `node --trace-warnings ...` to show where the warning was created)
▶ postgres execution matrix contract
  ✔ tracks supported query operators from postgres scope contract (1.119677ms)
✔ postgres execution matrix contract (1.720765ms)
ℹ tests 1
ℹ suites 1
ℹ pass 1
ℹ fail 0
ℹ cancelled 0
ℹ skipped 0
ℹ todo 0
ℹ duration_ms 119.533719
(node:712077) ExperimentalWarning: `--experimental-loader` may be removed in the future; instead use `register()`:
--import 'data:text/javascript,import { register } from "node:module"; import { pathToFileURL } from "node:url"; register("/home/andrey/src/cicsc/tests/harness/ts-extension-loader.mjs", pathToFileURL("./"));'
(Use `node --trace-warnings ...` to show where the warning was created)
(node:712077) [MODULE_TYPELESS_PACKAGE_JSON] Warning: Module type of file:///home/andrey/src/cicsc/tests/conformance/postgres-exec-vs-oracle.test.ts is not specified and it doesn't parse as CommonJS.
Reparsing as ES module because module syntax was detected. This incurs a performance overhead.
To eliminate this warning, add "type": "module" to /home/andrey/package.json.
(Use `node --trace-warnings ...` to show where the warning was created)
▶ conformance: postgres execution vs oracle
  ✔ exec lowered view query equals oracle rows (project/filter/order/limit) (112.929235ms)
  ✔ exec lowered bool_query constraint equals oracle truth (21.172085ms)
  ✔ exec lowered join query equals oracle rows (18.223149ms)
  ✔ exec lowered grouped query with offset equals oracle rows (13.323118ms)
✔ conformance: postgres execution vs oracle (166.543726ms)
ℹ tests 4
ℹ suites 1
ℹ pass 4
ℹ fail 0
ℹ cancelled 0
ℹ skipped 0
ℹ todo 0
ℹ duration_ms 317.542084
(node:712094) ExperimentalWarning: `--experimental-loader` may be removed in the future; instead use `register()`:
--import 'data:text/javascript,import { register } from "node:module"; import { pathToFileURL } from "node:url"; register("/home/andrey/src/cicsc/tests/harness/ts-extension-loader.mjs", pathToFileURL("./"));'
(Use `node --trace-warnings ...` to show where the warning was created)
(node:712094) [MODULE_TYPELESS_PACKAGE_JSON] Warning: Module type of file:///home/andrey/src/cicsc/tests/conformance/postgres-constraint-matrix.test.ts is not specified and it doesn't parse as CommonJS.
Reparsing as ES module because module syntax was detected. This incurs a performance overhead.
To eliminate this warning, add "type": "module" to /home/andrey/package.json.
(Use `node --trace-warnings ...` to show where the warning was created)
▶ postgres constraint matrix contract
  ✔ declares lowered constraint kinds and deferred reducer conformance explicitly (0.963139ms)
✔ postgres constraint matrix contract (1.572642ms)
ℹ tests 1
ℹ suites 1
ℹ pass 1
ℹ fail 0
ℹ cancelled 0
ℹ skipped 0
ℹ todo 0
ℹ duration_ms 111.911099
(node:712112) ExperimentalWarning: `--experimental-loader` may be removed in the future; instead use `register()`:
--import 'data:text/javascript,import { register } from "node:module"; import { pathToFileURL } from "node:url"; register("/home/andrey/src/cicsc/tests/harness/ts-extension-loader.mjs", pathToFileURL("./"));'
(Use `node --trace-warnings ...` to show where the warning was created)
(node:712112) [MODULE_TYPELESS_PACKAGE_JSON] Warning: Module type of file:///home/andrey/src/cicsc/tests/conformance/postgres-constraint-shape.test.ts is not specified and it doesn't parse as CommonJS.
Reparsing as ES module because module syntax was detected. This incurs a performance overhead.
To eliminate this warning, add "type": "module" to /home/andrey/package.json.
(Use `node --trace-warnings ...` to show where the warning was created)
▶ postgres constraint lowering shape
  ✔ lowers bool_query to postgres parameterized SQL shape (1.53646ms)
✔ postgres constraint lowering shape (2.177745ms)
ℹ tests 1
ℹ suites 1
ℹ pass 1
ℹ fail 0
ℹ cancelled 0
ℹ skipped 0
ℹ todo 0
ℹ duration_ms 124.02095
(node:712129) ExperimentalWarning: `--experimental-loader` may be removed in the future; instead use `register()`:
--import 'data:text/javascript,import { register } from "node:module"; import { pathToFileURL } from "node:url"; register("/home/andrey/src/cicsc/tests/harness/ts-extension-loader.mjs", pathToFileURL("./"));'
(Use `node --trace-warnings ...` to show where the warning was created)
(node:712129) [MODULE_TYPELESS_PACKAGE_JSON] Warning: Module type of file:///home/andrey/src/cicsc/tests/conformance/cross-backend-differential.test.ts is not specified and it doesn't parse as CommonJS.
Reparsing as ES module because module syntax was detected. This incurs a performance overhead.
To eliminate this warning, add "type": "module" to /home/andrey/package.json.
(Use `node --trace-warnings ...` to show where the warning was created)
▶ cross-backend differential conformance
  ✔ matches SQLite and Postgres execution against oracle semantics (121.427916ms)
✔ cross-backend differential conformance (122.183259ms)
ℹ tests 1
ℹ suites 1
ℹ pass 1
ℹ fail 0
ℹ cancelled 0
ℹ skipped 0
ℹ todo 0
ℹ duration_ms 257.924795
(node:712152) ExperimentalWarning: `--experimental-loader` may be removed in the future; instead use `register()`:
--import 'data:text/javascript,import { register } from "node:module"; import { pathToFileURL } from "node:url"; register("/home/andrey/src/cicsc/tests/harness/ts-extension-loader.mjs", pathToFileURL("./"));'
(Use `node --trace-warnings ...` to show where the warning was created)
(node:712152) [MODULE_TYPELESS_PACKAGE_JSON] Warning: Module type of file:///home/andrey/src/cicsc/tests/conformance/backend-semantics-policy.test.ts is not specified and it doesn't parse as CommonJS.
Reparsing as ES module because module syntax was detected. This incurs a performance overhead.
To eliminate this warning, add "type": "module" to /home/andrey/package.json.
(Use `node --trace-warnings ...` to show where the warning was created)
▶ backend semantics policy contract
  ✔ declares sqlite/postgres/oracle null-ordering and collation policy deltas (0.614675ms)
  ✔ enforces explicit null-ordering clauses in sqlite/postgres lowered ORDER BY (1.02362ms)
✔ backend semantics policy contract (2.302585ms)
ℹ tests 2
ℹ suites 1
ℹ pass 2
ℹ fail 0
ℹ cancelled 0
ℹ skipped 0
ℹ todo 0
ℹ duration_ms 132.155313
