conformance matrix check passed (9 suites).
(node:726906) ExperimentalWarning: `--experimental-loader` may be removed in the future; instead use `register()`:
--import 'data:text/javascript,import { register } from "node:module"; import { pathToFileURL } from "node:url"; register("/home/andrey/src/cicsc/tests/harness/ts-extension-loader.mjs", pathToFileURL("./"));'
(Use `node --trace-warnings ...` to show where the warning was created)
(node:726906) [MODULE_TYPELESS_PACKAGE_JSON] Warning: Module type of file:///home/andrey/src/cicsc/tests/conformance/postgres-exec-matrix.test.ts is not specified and it doesn't parse as CommonJS.
Reparsing as ES module because module syntax was detected. This incurs a performance overhead.
To eliminate this warning, add "type": "module" to /home/andrey/package.json.
(Use `node --trace-warnings ...` to show where the warning was created)
▶ postgres execution matrix contract
  ✔ tracks supported query operators from postgres scope contract (1.093836ms)
✔ postgres execution matrix contract (1.713927ms)
ℹ tests 1
ℹ suites 1
ℹ pass 1
ℹ fail 0
ℹ cancelled 0
ℹ skipped 0
ℹ todo 0
ℹ duration_ms 123.881236
(node:726924) ExperimentalWarning: `--experimental-loader` may be removed in the future; instead use `register()`:
--import 'data:text/javascript,import { register } from "node:module"; import { pathToFileURL } from "node:url"; register("/home/andrey/src/cicsc/tests/harness/ts-extension-loader.mjs", pathToFileURL("./"));'
(Use `node --trace-warnings ...` to show where the warning was created)
(node:726924) [MODULE_TYPELESS_PACKAGE_JSON] Warning: Module type of file:///home/andrey/src/cicsc/tests/conformance/postgres-exec-vs-oracle.test.ts is not specified and it doesn't parse as CommonJS.
Reparsing as ES module because module syntax was detected. This incurs a performance overhead.
To eliminate this warning, add "type": "module" to /home/andrey/package.json.
(Use `node --trace-warnings ...` to show where the warning was created)
▶ conformance: postgres execution vs oracle
  ✔ exec lowered view query equals oracle rows (project/filter/order/limit) (148.516723ms)
  ✔ exec lowered bool_query constraint equals oracle truth (32.7108ms)
  ✔ exec lowered join query equals oracle rows (19.697273ms)
  ✔ exec lowered grouped query with offset equals oracle rows (18.131219ms)
✔ conformance: postgres execution vs oracle (220.295471ms)
ℹ tests 4
ℹ suites 1
ℹ pass 4
ℹ fail 0
ℹ cancelled 0
ℹ skipped 0
ℹ todo 0
ℹ duration_ms 385.688586
(node:726953) ExperimentalWarning: `--experimental-loader` may be removed in the future; instead use `register()`:
--import 'data:text/javascript,import { register } from "node:module"; import { pathToFileURL } from "node:url"; register("/home/andrey/src/cicsc/tests/harness/ts-extension-loader.mjs", pathToFileURL("./"));'
(Use `node --trace-warnings ...` to show where the warning was created)
(node:726953) [MODULE_TYPELESS_PACKAGE_JSON] Warning: Module type of file:///home/andrey/src/cicsc/tests/conformance/postgres-constraint-matrix.test.ts is not specified and it doesn't parse as CommonJS.
Reparsing as ES module because module syntax was detected. This incurs a performance overhead.
To eliminate this warning, add "type": "module" to /home/andrey/package.json.
(Use `node --trace-warnings ...` to show where the warning was created)
▶ postgres constraint matrix contract
  ✔ declares lowered constraint kinds and deferred reducer conformance explicitly (1.073256ms)
✔ postgres constraint matrix contract (1.733768ms)
ℹ tests 1
ℹ suites 1
ℹ pass 1
ℹ fail 0
ℹ cancelled 0
ℹ skipped 0
ℹ todo 0
ℹ duration_ms 128.868253
(node:726970) ExperimentalWarning: `--experimental-loader` may be removed in the future; instead use `register()`:
--import 'data:text/javascript,import { register } from "node:module"; import { pathToFileURL } from "node:url"; register("/home/andrey/src/cicsc/tests/harness/ts-extension-loader.mjs", pathToFileURL("./"));'
(Use `node --trace-warnings ...` to show where the warning was created)
(node:726970) [MODULE_TYPELESS_PACKAGE_JSON] Warning: Module type of file:///home/andrey/src/cicsc/tests/conformance/postgres-constraint-shape.test.ts is not specified and it doesn't parse as CommonJS.
Reparsing as ES module because module syntax was detected. This incurs a performance overhead.
To eliminate this warning, add "type": "module" to /home/andrey/package.json.
(Use `node --trace-warnings ...` to show where the warning was created)
▶ postgres constraint lowering shape
  ✔ lowers bool_query to postgres parameterized SQL shape (1.537687ms)
✔ postgres constraint lowering shape (2.17177ms)
ℹ tests 1
ℹ suites 1
ℹ pass 1
ℹ fail 0
ℹ cancelled 0
ℹ skipped 0
ℹ todo 0
ℹ duration_ms 142.125701
(node:726987) ExperimentalWarning: `--experimental-loader` may be removed in the future; instead use `register()`:
--import 'data:text/javascript,import { register } from "node:module"; import { pathToFileURL } from "node:url"; register("/home/andrey/src/cicsc/tests/harness/ts-extension-loader.mjs", pathToFileURL("./"));'
(Use `node --trace-warnings ...` to show where the warning was created)
(node:726987) [MODULE_TYPELESS_PACKAGE_JSON] Warning: Module type of file:///home/andrey/src/cicsc/tests/conformance/cross-backend-differential.test.ts is not specified and it doesn't parse as CommonJS.
Reparsing as ES module because module syntax was detected. This incurs a performance overhead.
To eliminate this warning, add "type": "module" to /home/andrey/package.json.
(Use `node --trace-warnings ...` to show where the warning was created)
▶ cross-backend differential conformance
  ✔ matches SQLite and Postgres execution against oracle semantics (123.734966ms)
✔ cross-backend differential conformance (124.435621ms)
ℹ tests 1
ℹ suites 1
ℹ pass 1
ℹ fail 0
ℹ cancelled 0
ℹ skipped 0
ℹ todo 0
ℹ duration_ms 274.653205
(node:727005) ExperimentalWarning: `--experimental-loader` may be removed in the future; instead use `register()`:
--import 'data:text/javascript,import { register } from "node:module"; import { pathToFileURL } from "node:url"; register("/home/andrey/src/cicsc/tests/harness/ts-extension-loader.mjs", pathToFileURL("./"));'
(Use `node --trace-warnings ...` to show where the warning was created)
(node:727005) [MODULE_TYPELESS_PACKAGE_JSON] Warning: Module type of file:///home/andrey/src/cicsc/tests/conformance/backend-semantics-policy.test.ts is not specified and it doesn't parse as CommonJS.
Reparsing as ES module because module syntax was detected. This incurs a performance overhead.
To eliminate this warning, add "type": "module" to /home/andrey/package.json.
(Use `node --trace-warnings ...` to show where the warning was created)
▶ backend semantics policy contract
  ✔ declares sqlite/postgres/oracle null-ordering and collation policy deltas (0.68321ms)
  ✔ enforces explicit null-ordering clauses in sqlite/postgres lowered ORDER BY (1.326576ms)
✔ backend semantics policy contract (2.773033ms)
ℹ tests 2
ℹ suites 1
ℹ pass 2
ℹ fail 0
ℹ cancelled 0
ℹ skipped 0
ℹ todo 0
ℹ duration_ms 140.162913
