(node:4885) ExperimentalWarning: `--experimental-loader` may be removed in the future; instead use `register()`:
--import 'data:text/javascript,import { register } from "node:module"; import { pathToFileURL } from "node:url"; register("/home/andrey/src/cicsc/tests/harness/ts-extension-loader.mjs", pathToFileURL("./"));'
(Use `node --trace-warnings ...` to show where the warning was created)
(node:4885) [MODULE_TYPELESS_PACKAGE_JSON] Warning: Module type of file:///home/andrey/src/cicsc/tests/spec/reference-vertical-usability.test.ts is not specified and it doesn't parse as CommonJS.
Reparsing as ES module because module syntax was detected. This incurs a performance overhead.
To eliminate this warning, add "type": "module" to /home/andrey/package.json.
(Use `node --trace-warnings ...` to show where the warning was created)
▶ reference vertical spec usability
  ✔ compiles ticketing Spec DSL surface without IR-shaped authoring (3.130901ms)
✔ reference vertical spec usability (4.200505ms)
(node:4886) ExperimentalWarning: `--experimental-loader` may be removed in the future; instead use `register()`:
--import 'data:text/javascript,import { register } from "node:module"; import { pathToFileURL } from "node:url"; register("/home/andrey/src/cicsc/tests/harness/ts-extension-loader.mjs", pathToFileURL("./"));'
(Use `node --trace-warnings ...` to show where the warning was created)
(node:4886) [MODULE_TYPELESS_PACKAGE_JSON] Warning: Module type of file:///home/andrey/src/cicsc/tests/verticals/kanban-spec.test.ts is not specified and it doesn't parse as CommonJS.
Reparsing as ES module because module syntax was detected. This incurs a performance overhead.
To eliminate this warning, add "type": "module" to /home/andrey/package.json.
(Use `node --trace-warnings ...` to show where the warning was created)
▶ Kanban vertical spec
  ✔ compiles the Kanban vertical spec to Core IR (2.923547ms)
✔ Kanban vertical spec (3.697138ms)
ℹ tests 2
ℹ suites 2
ℹ pass 2
ℹ fail 0
ℹ cancelled 0
ℹ skipped 0
ℹ todo 0
ℹ duration_ms 147.909124
